Hospitalization Required: Zachary 342862525.
No serious chance for infection: Aiden 585293381.
No serious chance for infection: Kody 336207759.
No serious chance for infection: Rocco 186337071.
No serious chance for infection: Misael 932090039.
No serious chance for infection: Kyrie 651017263.
No serious chance for infection: Huxley 564451867.
No serious chance for infection: Ace 952289256.
No serious chance for infection: Eugene 461034069.
No serious chance for infection: Shepard 798242423.
No serious chance for infection: Pedro 273208174.
No serious chance for infection: Gabriel 657240361.
No serious chance for infection: Erick 735678323.
No serious chance for infection: Alberto 142086590.
No serious chance for infection: Jordy 798577278.
No serious chance for infection: Griffin 386813892.
No serious chance for infection: Dante 509818452.
No serious chance for infection: Rocky 218178832.
No serious chance for infection: Xander 659057600.
No serious chance for infection: Zeke 611597716.
No serious chance for infection: Kieran 335657764.
No serious chance for infection: Joshua 943635770.
No serious chance for infection: Miguel 376412567.
No serious chance for infection: Emilio 566062988.
No serious chance for infection: Vincent 604972098.
No serious chance for infection: Dominick 386976288.
No serious chance for infection: Ayaan 133789473.
No serious chance for infection: Garrett 717745363.
No serious chance for infection: Lukas 598280203.
No serious chance for infection: Christian 363619024.
No serious chance for infection: Idris 677651248.
No serious chance for infection: Neil 883011400.
No serious chance for infection: Cameron 682043921.
No serious chance for infection: Kamari 284305581.
No serious chance for infection: Leonard 432019664.
No serious chance for infection: Kian 749430627.
No serious chance for infection: Leighton 530323723.
No serious chance for infection: Javion 742071104.
No serious chance for infection: Amari 788763077.
No serious chance for infection: Nathaniel 311943437.
No serious chance for infection: Edward 554946149.
No serious chance for infection: Edgar 705559070.
No serious chance for infection: Clayton 401708867.
No serious chance for infection: Kendrick 687420686.
No serious chance for infection: Angelo 137280640.
No serious chance for infection: Leonidas 401491298.
No serious chance for infection: Jackson 956781518.
No serious chance for infection: Vincenzo 862305563.
No serious chance for infection: Santana 575811953.
No serious chance for infection: Victor 518570486.
No serious chance for infection: Alexzander 732190973.
No serious chance for infection: Dwayne 771359639.
No serious chance for infection: Brixton 974625299.
No serious chance for infection: Jairo 789772847.
No serious chance for infection: Sergio 492364699.
No serious chance for infection: Enzo 762077389.
No serious chance for infection: Jonas 505976121.
No serious chance for infection: Roland 982933867.
No serious chance for infection: Camden 363849779.
No serious chance for infection: Travis 783130573.
No serious chance for infection: Thiago 928280326.
No serious chance for infection: Hudson 316425983.
No serious chance for infection: Blake 867694126.
No serious chance for infection: Derrick 632539513.
No serious chance for infection: Azariah 893507456.
No serious chance for infection: Yehuda 156770589.
No serious chance for infection: Martin 447245677.
No serious chance for infection: Bowen 186502243.
No serious chance for infection: Isaac 849262527.
No serious chance for infection: Sebastian 889354213.
No serious chance for infection: Leroy 105764712.
No serious chance for infection: Axl 811165050.
No serious chance for infection: Eliseo 404751363.
No serious chance for infection: Rayan 340198259.
No serious chance for infection: Dillon 433168234.
No serious chance for infection: Griffin 537734949.
No serious chance for infection: Steven 267104097.
No serious chance for infection: Abram 280566309.
No serious chance for infection: Kai 226440208.
No serious chance for infection: Zyaire 335523822.
No serious chance for infection: Alden 204678103.
No serious chance for infection: Nathan 689929843.
No serious chance for infection: Andres 648595550.
No serious chance for infection: Daniel 203562845.
No serious chance for infection: Paxton 884961193.
No serious chance for infection: Theo 323769197.
No serious chance for infection: Jaxen 569031920.
No serious chance for infection: Reyansh 916411538.
No serious chance for infection: Cade 166766965.
No serious chance for infection: Odin 368277846.
No serious chance for infection: Danny 712209672.
No serious chance for infection: Lucca 208764028.
No serious chance for infection: Mohamed 790723627.
No serious chance for infection: Malachi 792353833.
No serious chance for infection: Nicolas 424501215.
No serious chance for infection: Prince 144801518.
No serious chance for infection: Eden 909010722.
No serious chance for infection: Bentlee 711248829.
No serious chance for infection: Logan 927489860.
No serious chance for infection: Devon 946949620.
No serious chance for infection: Franco 162810124.
No serious chance for infection: Kyree 433066563.
No serious chance for infection: Van 858284874.
No serious chance for infection: Nicholas 538205134.
No serious chance for infection: Stephen 970565399.
No serious chance for infection: Kolton 853271418.
No serious chance for infection: Ernest 344847712.
No serious chance for infection: Cruz 118240056.
No serious chance for infection: Paxton 991186221.
No serious chance for infection: Theodore 477359725.
No serious chance for infection: Aarav 907481840.
No serious chance for infection: Darren 157649887.
No serious chance for infection: Dallas 161713604.
No serious chance for infection: Princeton 926086939.
No serious chance for infection: Maximo 200371139.
No serious chance for infection: William 972169580.
No serious chance for infection: Lane 244460959.
No serious chance for infection: Solomon 788952539.
No serious chance for infection: Armani 482329459.
No serious chance for infection: Cason 620748106.
No serious chance for infection: Miller 970387041.
No serious chance for infection: Kaden 872080206.
No serious chance for infection: Jesse 628464692.
No serious chance for infection: Deacon 859916468.
No serious chance for infection: Jeffrey 469959603.
No serious chance for infection: Imran 378024729.
No serious chance for infection: Kane 853655200.
No serious chance for infection: Kyrie 698127718.
No serious chance for infection: Justin 716691177.
No serious chance for infection: Waylon 476976637.
No serious chance for infection: Zander 838072818.
No serious chance for infection: Heath 650068912.
No serious chance for infection: Raylan 425784074.
No serious chance for infection: Westin 728499934.
No serious chance for infection: Jesus 756045488.
No serious chance for infection: Jase 371665954.
No serious chance for infection: Drew 324101970.
No serious chance for infection: Kyler 534967277.
No serious chance for infection: Dayton 169077985.
No serious chance for infection: Forrest 293048246.
No serious chance for infection: Colby 678656160.
No serious chance for infection: George 520248231.
No serious chance for infection: Willie 698570143.
No serious chance for infection: Payton 919923872.
No serious chance for infection: Houston 594296990.
No serious chance for infection: Thatcher 373573760.
No serious chance for infection: Lee 897300860.
No serious chance for infection: Dane 458858379.
No serious chance for infection: Samson 375390305.
No serious chance for infection: Tatum 945893699.
No serious chance for infection: Gael 332154799.
No serious chance for infection: Layne 991641485.
No serious chance for infection: Karter 331989627.
No serious chance for infection: Shane 155270161.
No serious chance for infection: Armando 538230812.
No serious chance for infection: Sean 883738712.
No serious chance for infection: Elon 210355717.
No serious chance for infection: Bruce 531805413.
No serious chance for infection: Elliot 211229810.
No serious chance for infection: Declan 471020035.
No serious chance for infection: Zayden 548944090.
No serious chance for infection: Tyson 452693230.
No serious chance for infection: Davion 185726698.
No serious chance for infection: Maximus 708337846.
No serious chance for infection: Vance 829185801.
No serious chance for infection: Maddux 954305673.
No serious chance for infection: Parker 518472632.
No serious chance for infection: Watson 643956160.
No serious chance for infection: Nathanael 661527199.
No serious chance for infection: Eli 469234720.
No serious chance for infection: Collin 891375141.
No serious chance for infection: Ronald 722859796.
No serious chance for infection: Bronson 432463824.
No serious chance for infection: Derek 683705357.
No serious chance for infection: Kash 632528409.
No serious chance for infection: Louie 811452366.
No serious chance for infection: Andrew 105717173.
No serious chance for infection: Khari 595426822.
No serious chance for infection: Jericho 147100046.
No serious chance for infection: Killian 796003579.
No serious chance for infection: Korbyn 142468984.
No serious chance for infection: Benedict 787995166.
No serious chance for infection: Nixon 328594579.
No serious chance for infection: Bowie 196533319.
No serious chance for infection: Alaric 273565237.
No serious chance for infection: Gerald 446294203.
No serious chance for infection: Carson 373152502.
No serious chance for infection: Tucker 150300427.
No serious chance for infection: Sage 474901577.
No serious chance for infection: Magnus 270442931.
No serious chance for infection: Cesar 857194947.
No serious chance for infection: Patrick 600149839.
No serious chance for infection: Axel 935318874.
No serious chance for infection: Fox 427801879.
No serious chance for infection: Ismael 908445112.
No serious chance for infection: Brayden 922266122.
No serious chance for infection: Jaxson 555154349.
No serious chance for infection: Jerome 292584654.
No serious chance for infection: Cory 996609484.
No serious chance for infection: Ignacio 449193388.
No serious chance for infection: Marcel 734970790.
No serious chance for infection: Darius 122685126.
No serious chance for infection: Jad 285360114.
No serious chance for infection: Marco 788838029.
No serious chance for infection: Archie 763759992.
No serious chance for infection: Iker 570604871.
No serious chance for infection: Emery 454088170.
No serious chance for infection: Milo 919862800.
No serious chance for infection: Koda 184003843.
No serious chance for infection: Jeremias 786504454.
No serious chance for infection: Briggs 416905038.
No serious chance for infection: Leo 439163700.
No serious chance for infection: Jairo 497643957.
No serious chance for infection: Mohammad 714873244.
No serious chance for infection: Boston 456904422.
No serious chance for infection: Michael 850843806.
No serious chance for infection: Carmelo 829404064.
No serious chance for infection: Jaden 888288576.
No serious chance for infection: Beckham 558898479.
No serious chance for infection: Julien 813198817.
No serious chance for infection: Sylas 666000029.
No serious chance for infection: Wells 428771050.
No serious chance for infection: Valentino 305703683.
No serious chance for infection: Harley 781997271.
No serious chance for infection: Edison 375672763.
No serious chance for infection: Kaiser 461852642.
No serious chance for infection: Kase 885619105.
No serious chance for infection: Kaison 810195879.
No serious chance for infection: Thomas 759798293.
No serious chance for infection: Justice 473601715.
No serious chance for infection: Devin 381790373.
No serious chance for infection: Asa 530875106.
No serious chance for infection: Creed 838732812.
No serious chance for infection: Landry 562003088.
No serious chance for infection: Bridger 513531699.
No serious chance for infection: Ray 373429061.
No serious chance for infection: Xzavier 864332390.
No serious chance for infection: Zaiden 980683225.
No serious chance for infection: Lionel 543952148.
No serious chance for infection: Yusuf 277995733.
No serious chance for infection: Terrence 260892450.
No serious chance for infection: Adrien 821520918.
No serious chance for infection: Royce 425257328.
No serious chance for infection: Larry 354522072.
No serious chance for infection: Zain 707048047.
No serious chance for infection: Luciano 589023978.
No serious chance for infection: Dangelo 349570382.
No serious chance for infection: Duncan 218525138.
No serious chance for infection: Brayan 323208445.
No serious chance for infection: Fisher 764973451.
No serious chance for infection: Bobby 917301940.
No serious chance for infection: Camilo 587021788.
No serious chance for infection: Jakob 764898152.
No serious chance for infection: Crosby 460697826.
No serious chance for infection: Cristiano 382392418.
No serious chance for infection: Alijah 608110366.
No serious chance for infection: Joe 698627051.
No serious chance for infection: Mario 600498574.
No serious chance for infection: Elias 720608113.
No serious chance for infection: Thaddeus 213726822.
No serious chance for infection: Charles 130562026.
No serious chance for infection: Lucian 501261432.
No serious chance for infection: Emanuel 919466873.
No serious chance for infection: Nash 544420945.
No serious chance for infection: Isaiah 454304351.
No serious chance for infection: Lennox 702201151.
No serious chance for infection: Arthur 607159586.
No serious chance for infection: Levi 908267101.
No serious chance for infection: Jax 600300784.
No serious chance for infection: Heath 987049981.
No serious chance for infection: Finn 816218064.
No serious chance for infection: Kaleb 105061343.
No serious chance for infection: Aryan 479997966.
No serious chance for infection: Leon 666586459.
No serious chance for infection: Kelvin 146081948.
No serious chance for infection: Russell 667261027.
No serious chance for infection: Anderson 456495309.
No serious chance for infection: Cooper 265424270.
No serious chance for infection: Daxton 103900281.
No serious chance for infection: Draven 907901363.
No serious chance for infection: Abraham 916973331.
No serious chance for infection: Maxton 500476518.
No serious chance for infection: Jeffery 696101585.
No serious chance for infection: Oliver 830328819.
No serious chance for infection: Chase 780677283.
No serious chance for infection: Nova 777982481.
No serious chance for infection: Jayce 840227688.
No serious chance for infection: Will 452768182.
No serious chance for infection: Ares 435959502.
No serious chance for infection: Seth 889917741.
No serious chance for infection: Callen 967707160.
No serious chance for infection: Mayson 737485846.
No serious chance for infection: Deandre 230645154.
No serious chance for infection: Enrique 381822644.
No serious chance for infection: Dariel 737604173.
No serious chance for infection: Otto 599573472.
No serious chance for infection: Benjamin 326305073.
No serious chance for infection: Hayden 535796260.
No serious chance for infection: Emory 142712578.
No serious chance for infection: Porter 743507337.
No serious chance for infection: Kabir 211038613.
No serious chance for infection: Keith 341064371.
No serious chance for infection: Zavier 992429175.
No serious chance for infection: Ledger 684716862.
No serious chance for infection: Lance 659235611.
No serious chance for infection: Paxton 164900799.
No serious chance for infection: Remington 808274887.
No serious chance for infection: Pablo 546863825.
No serious chance for infection: Jaylen 347666393.
No serious chance for infection: Jonathan 510609612.
No serious chance for infection: Nikolai 114254067.
No serious chance for infection: Walter 567077616.
No serious chance for infection: Ahmir 623868330.
No serious chance for infection: Calvin 556568374.
No serious chance for infection: Randy 311143602.
No serious chance for infection: Zavier 130537736.
No serious chance for infection: Billy 106183888.
No serious chance for infection: Kareem 808392867.
No serious chance for infection: Jordan 860241954.
No serious chance for infection: London 205831531.
No serious chance for infection: Hamza 465390307.
No serious chance for infection: Harlem 759774350.
No serious chance for infection: Guillermo 780814348.
No serious chance for infection: Antonio 456339506.
No serious chance for infection: Konnor 559420367.
No serious chance for infection: Brentley 315710469.
No serious chance for infection: Boden 504955594.
No serious chance for infection: Miles 718117347.
No serious chance for infection: Bryson 890331365.
No serious chance for infection: Elijah 749679426.
No serious chance for infection: Allen 689299691.
No serious chance for infection: Evan 494507424.
No serious chance for infection: Hendrix 170969135.
No serious chance for infection: Braxton 607045423.
No serious chance for infection: Ethan 586049147.
No serious chance for infection: Saul 167554655.
No serious chance for infection: Zayne 636979725.
No serious chance for infection: Grant 310783416.
No serious chance for infection: Brysen 319656900.
No serious chance for infection: Jude 920974935.
No serious chance for infection: Bradley 174511658.
No serious chance for infection: Edwin 448631942.
No serious chance for infection: Brandon 915488865.
No serious chance for infection: Makai 396408095.
No serious chance for infection: Jace 845198463.
No serious chance for infection: Byron 385107693.
No serious chance for infection: Yousef 581817135.
No serious chance for infection: Lucian 394320543.
No serious chance for infection: Ronin 264682731.
No serious chance for infection: James 135180943.
No serious chance for infection: Jasiah 762042689.
No serious chance for infection: Rodrigo 443785046.
No serious chance for infection: Tony 900295123.
No serious chance for infection: Decker 595898048.
No serious chance for infection: Leland 357815102.
No serious chance for infection: Reed 257363113.
No serious chance for infection: Easton 913921813.
No serious chance for infection: Marvin 248861960.
No serious chance for infection: Deshawn 164786636.
No serious chance for infection: Canaan 147646571.
No serious chance for infection: Wallace 898301955.
No serious chance for infection: Reign 679417131.
No serious chance for infection: Mekhi 445406230.
No serious chance for infection: Gunner 609877637.
No serious chance for infection: Rowen 940446493.
No serious chance for infection: Alfredo 193093855.
No serious chance for infection: Blaze 741616881.
No serious chance for infection: Dorian 200483567.
No serious chance for infection: Arjun 388837249.
No serious chance for infection: Ibrahim 985775797.
No serious chance for infection: Grady 422606942.
No serious chance for infection: Raymond 260902166.
No serious chance for infection: Sterling 933103626.
No serious chance for infection: Joel 543546158.
No serious chance for infection: Lyric 234037773.
No serious chance for infection: Brian 372602507.
No serious chance for infection: Oakley 935642278.
No serious chance for infection: Adrian 283596313.
No serious chance for infection: Aden 112009671.
No serious chance for infection: Johnathan 566883643.
No serious chance for infection: Luka 862529725.
No serious chance for infection: Lyric 523487823.
No serious chance for infection: Keaton 525649286.
No serious chance for infection: Josiah 345299159.
No serious chance for infection: Roman 927903484.
No serious chance for infection: Logan 780502048.
No serious chance for infection: Gibson 580886134.
No serious chance for infection: Gustavo 684461470.
No serious chance for infection: Sonny 956604201.
No serious chance for infection: Korbin 848601839.
No serious chance for infection: Jorge 136267053.
No serious chance for infection: Conor 128212836.
No serious chance for infection: Silas 554690063.
No serious chance for infection: Javier 985588764.
No serious chance for infection: Colten 892947745.
No serious chance for infection: Lincoln 459294558.
No serious chance for infection: Rhett 127723913.
No serious chance for infection: Gianni 787778985.
No serious chance for infection: Jacob 958432891.
No serious chance for infection: Jimmy 434495162.
No serious chance for infection: Rayden 284132428.
No serious chance for infection: Moshe 943016722.
No serious chance for infection: Rogelio 931002541.
No serious chance for infection: Caleb 327024057.
No serious chance for infection: Griffin 741626250.
No serious chance for infection: Tomas 266708517.
No serious chance for infection: Kendall 607769959.
No serious chance for infection: Ernesto 557346001.
No serious chance for infection: Archie 997833700.
No serious chance for infection: Melvin 109960983.
No serious chance for infection: Kannon 718447344.
No serious chance for infection: Dennis 639017309.
No serious chance for infection: Francis 355793480.
No serious chance for infection: Krew 526218019.
No serious chance for infection: Jaxtyn 664142538.
No serious chance for infection: Karsyn 138595770.
No serious chance for infection: Yael 781369201.
No serious chance for infection: Toby 843310436.
No serious chance for infection: Barrett 579336779.
No serious chance for infection: Titus 500288791.
No serious chance for infection: Caden 882621719.
No serious chance for infection: Allan 415511486.
No serious chance for infection: Lennon 959049163.
No serious chance for infection: Nico 826291474.
No serious chance for infection: Vivaan 936841510.
No serious chance for infection: Remy 107663149.
No serious chance for infection: Cash 125827905.
No serious chance for infection: Chris 990532126.
No serious chance for infection: Maddux 313654147.
No serious chance for infection: Bentley 280481294.
No serious chance for infection: Jett 982046588.
No serious chance for infection: Elliott 824939562.
No serious chance for infection: Ezra 987464646.
No serious chance for infection: Torin 972870520.
No serious chance for infection: Gregory 234367770.
No serious chance for infection: Raphael 293045817.
No serious chance for infection: Harrison 212638977.
No serious chance for infection: Matthias 872406733.
No serious chance for infection: Titan 974209940.
No serious chance for infection: Hank 931663923.
No serious chance for infection: Donovan 997046704.
No serious chance for infection: Anders 824357990.
No serious chance for infection: Xavier 987751962.
No serious chance for infection: Dario 797058806.
No serious chance for infection: Colin 774601313.
No serious chance for infection: Markus 170504155.
No serious chance for infection: Bodhi 542482256.
No serious chance for infection: Gerardo 761162003.
No serious chance for infection: Hassan 435580578.
No serious chance for infection: Benson 294291894.
No serious chance for infection: Quinn 964788543.
No serious chance for infection: Maison 581054082.
No serious chance for infection: Benton 308075081.
No serious chance for infection: Casey 230697551.
No serious chance for infection: Lucas 357037128.
No serious chance for infection: Ryder 690827879.
No serious chance for infection: Grayson 760305260.
No serious chance for infection: Alan 874094541.
No serious chance for infection: Adriel 537760627.
No serious chance for infection: Asher 443040731.
No serious chance for infection: Frederick 941770645.
No serious chance for infection: Finley 650840293.
No serious chance for infection: Elian 755111364.
No serious chance for infection: Jamison 242372366.
No serious chance for infection: Kairo 762960157.
No serious chance for infection: Manuel 584462316.
No serious chance for infection: Kingsley 761564523.
No serious chance for infection: Clyde 500224249.
No serious chance for infection: Pierce 355640800.
No serious chance for infection: Royal 698814431.
No serious chance for infection: Achilles 622969947.
No serious chance for infection: Louis 351894241.
No serious chance for infection: Bode 531253683.
No serious chance for infection: Arian 305037790.
No serious chance for infection: Gordon 992271984.
No serious chance for infection: Major 889590867.
No serious chance for infection: Myles 621201288.
No serious chance for infection: Wayne 990725752.
No serious chance for infection: Aaron 883592625.
No serious chance for infection: Cullen 561124831.
No serious chance for infection: Judah 748664104.
No serious chance for infection: Ezekiel 561091519.
No serious chance for infection: Noah 973173104.
No serious chance for infection: Rohan 501850638.
No serious chance for infection: Yosef 274609360.
No serious chance for infection: Hunter 748902840.
No serious chance for infection: Judson 290538048.
No serious chance for infection: Camdyn 928266099.
No serious chance for infection: Hugo 420614468.
No serious chance for infection: Simon 512736722.
No serious chance for infection: Cedric 404021275.
No serious chance for infection: Kameron 949905019.
No serious chance for infection: Landen 118530842.
No serious chance for infection: Demetrius 344083618.
No serious chance for infection: Kashton 226924967.
No serious chance for infection: Fabian 748294549.
No serious chance for infection: Ricardo 288298510.
No serious chance for infection: Jesiah 829768761.
No serious chance for infection: King 751467864.
No serious chance for infection: Jeremy 286312629.
No serious chance for infection: Stetson 726837110.
No serious chance for infection: Reginald 800175213.
No serious chance for infection: Frank 381281324.
No serious chance for infection: Jaiden 195795597.
No serious chance for infection: Abdiel 631075867.
No serious chance for infection: Esteban 167518914.
No serious chance for infection: Santino 643963794.
No serious chance for infection: Omari 712843641.
No serious chance for infection: Damien 172797131.
No serious chance for infection: Vicente 461553528.
No serious chance for infection: Karsyn 919153879.
No serious chance for infection: Briar 115826671.
No serious chance for infection: Ryan 378541065.
No serious chance for infection: Sam 549998970.
No serious chance for infection: Alexander 154346100.
No serious chance for infection: Brecken 630588332.
No serious chance for infection: Luis 186903722.
No serious chance for infection: Musa 205401598.
No serious chance for infection: Cannon 985478765.
No serious chance for infection: Kyle 145825168.
No serious chance for infection: Saint 279883413.
No serious chance for infection: Brendan 780403500.
No serious chance for infection: Felipe 584120521.
No serious chance for infection: Jared 135160123.
No serious chance for infection: Callum 512973376.
No serious chance for infection: Muhammad 488412022.
No serious chance for infection: Kenneth 826141570.
No serious chance for infection: Tristian 235407035.
No serious chance for infection: Ira 718507028.
No serious chance for infection: Callan 714400283.
No serious chance for infection: Kamden 112351813.
No serious chance for infection: Grey 781203335.
No serious chance for infection: Clay 603192335.
No serious chance for infection: Kyng 477630385.
No serious chance for infection: Jermaine 278343774.
No serious chance for infection: Kaden 185983131.
No serious chance for infection: Justus 683968036.
No serious chance for infection: Ahmad 554150478.
No serious chance for infection: Sawyer 603358201.
No serious chance for infection: Spencer 247748090.
No serious chance for infection: Cairo 121519553.
No serious chance for infection: Kayson 669876019.
No serious chance for infection: Maverick 200190005.
No serious chance for infection: Colton 921042253.
No serious chance for infection: Raul 932999873.
No serious chance for infection: Keanu 941663769.
No serious chance for infection: Zachariah 538240528.
No serious chance for infection: Tristan 967682176.
No serious chance for infection: Ramon 876952433.
No serious chance for infection: Augustus 488106315.
No serious chance for infection: Rory 113730791.
No serious chance for infection: Johnny 624291670.
No serious chance for infection: Samuel 668877700.
No serious chance for infection: Zayd 527341605.
No serious chance for infection: Tripp 519953628.
No serious chance for infection: Richard 629598341.
No serious chance for infection: Kyrie 388308421.
No serious chance for infection: Braylen 536519755.
No serious chance for infection: Ivan 602607293.
No serious chance for infection: Jimmy 934411816.
No serious chance for infection: Christopher 394091176.
No serious chance for infection: Merrick 781788724.
No serious chance for infection: Samir 561838610.
No serious chance for infection: David 648416845.
No serious chance for infection: Marcos 778382919.
No serious chance for infection: Alexis 822021292.
No serious chance for infection: Reese 741668584.
No serious chance for infection: Roger 106176948.
No serious chance for infection: Ari 668716692.
No serious chance for infection: Lewis 502977694.
No serious chance for infection: Salvador 678546161.
No serious chance for infection: Mauricio 558394288.
No serious chance for infection: Kye 832701258.
No serious chance for infection: Aidan 649541125.
No serious chance for infection: Bryan 817347549.
No serious chance for infection: Rey 589919932.
No serious chance for infection: Kabir 327238156.
No serious chance for infection: Luke 380870129.
No serious chance for infection: Cassius 264543931.
No serious chance for infection: Onyx 450839209.
No serious chance for infection: Brycen 982581315.
No serious chance for infection: Benicio 230236388.
No serious chance for infection: Marcellus 798717119.
No serious chance for infection: Trace 740810800.
No serious chance for infection: Kellen 437712893.
No serious chance for infection: Erik 902793523.
No serious chance for infection: Chance 662718450.
No serious chance for infection: Morgan 970909623.
No serious chance for infection: Douglas 295745824.
No serious chance for infection: Jayceon 455444593.
No serious chance for infection: Dakota 842915897.
No serious chance for infection: Kasen 312289396.
No serious chance for infection: Jerry 328075120.
No serious chance for infection: Ahmed 801399776.
No serious chance for infection: Damon 110169530.
No serious chance for infection: Henrik 960921575.
No serious chance for infection: Keegan 300289442.
No serious chance for infection: Randall 148228490.
No serious chance for infection: Orion 691160305.
No serious chance for infection: Zaire 374775421.
No serious chance for infection: Anderson 361378098.
No serious chance for infection: Emmett 451623082.
No serious chance for infection: Austin 899910994.
No serious chance for infection: Riley 705243647.
No serious chance for infection: Elisha 602829373.
No serious chance for infection: Ezequiel 950283249.
No serious chance for infection: Connor 291838257.
No serious chance for infection: Kade 128722926.
No serious chance for infection: Issac 568041582.
No serious chance for infection: Soren 206297899.
No serious chance for infection: Harold 453569752.
No serious chance for infection: Kole 787576684.
No serious chance for infection: Moses 165630887.
No serious chance for infection: Omar 316302451.
No serious chance for infection: Tate 998868454.
No serious chance for infection: Alvaro 268272793.
No serious chance for infection: Uriah 866541045.
No serious chance for infection: Damari 129727144.
No serious chance for infection: Otis 552473427.
No serious chance for infection: Fernando 983572000.
No serious chance for infection: Jake 498079095.
No serious chance for infection: Arturo 886730199.
No serious chance for infection: Juelz 327099703.
No serious chance for infection: Cody 307250956.
No serious chance for infection: Cristian 345861646.
No serious chance for infection: Mark 247605820.
No serious chance for infection: Weston 233688691.
No serious chance for infection: Mateo 594443077.
No serious chance for infection: Rafael 540335367.
No serious chance for infection: Joseph 954120375.
No serious chance for infection: Messiah 339746812.
No serious chance for infection: Ellis 953456911.
No serious chance for infection: Jabari 985757406.
No serious chance for infection: Nasir 344395571.
No serious chance for infection: Legend 557670446.
No serious chance for infection: Roy 344281755.
No serious chance for infection: Gavin 344213396.
No serious chance for infection: Skyler 604975221.
No serious chance for infection: Valentin 696554420.
No serious chance for infection: Jameson 410681593.
No serious chance for infection: Eddie 902328196.
No serious chance for infection: Kalel 136774714.
No serious chance for infection: Zakai 632569008.
No serious chance for infection: Atlas 790846465.
No serious chance for infection: Wade 714002968.
No serious chance for infection: Julian 930478224.
No serious chance for infection: Leandro 960105084.
No serious chance for infection: Leonel 774678000.
No serious chance for infection: Drake 186093824.
No serious chance for infection: Aron 681024435.
No serious chance for infection: Rex 201360089.
No serious chance for infection: Yahir 235350821.
No serious chance for infection: Coleman 900041119.
No serious chance for infection: Marley 792753230.
No serious chance for infection: Ryland 650298973.
No serious chance for infection: Lachlan 895244191.
No serious chance for infection: Franklin 779985712.
No serious chance for infection: Terrell 276411678.
No serious chance for infection: Terrance 166667376.
No serious chance for infection: Brady 356046096.
No serious chance for infection: Harvey 513813463.
No serious chance for infection: Avery 712554590.
No serious chance for infection: Sullivan 642873867.
No serious chance for infection: August 152327948.
No serious chance for infection: Adam 599379846.
No serious chance for infection: Ford 987176983.
No serious chance for infection: Mack 478930594.
No serious chance for infection: Memphis 694891249.
No serious chance for infection: Bennett 335397167.
No serious chance for infection: Diego 674055634.
No serious chance for infection: Jason 356170669.
No serious chance for infection: Jefferson 322961381.
No serious chance for infection: Lochlan 522753224.
No serious chance for infection: Harry 417629921.
No serious chance for infection: Kylan 991656753.
No serious chance for infection: Gage 182780668.
No serious chance for infection: Dustin 619336163.
No serious chance for infection: Avi 181061283.
No serious chance for infection: Orion 815079210.
No serious chance for infection: Ricky 259211235.
No serious chance for infection: Dexter 176684225.
No serious chance for infection: Jamal 869976692.
No serious chance for infection: Coleman 176966336.
No serious chance for infection: Milan 723347678.
No serious chance for infection: Colson 603805831.
No serious chance for infection: Dominik 892875916.
No serious chance for infection: Roberto 450116755.
No serious chance for infection: Jayson 953794889.
No serious chance for infection: Jay 300700290.
No serious chance for infection: Owen 235040603.
No serious chance for infection: Marc 897512877.
No serious chance for infection: Dax 602666630.
No serious chance for infection: Abdullah 913167782.
No serious chance for infection: Ulises 270267696.
No serious chance for infection: Oscar 420020404.
No serious chance for infection: Zion 133853321.
No serious chance for infection: Denver 896770297.
No serious chance for infection: Giovanni 469931496.
No serious chance for infection: Nikolas 534572044.
No serious chance for infection: Mohammed 372900927.
No serious chance for infection: Kylen 439205687.
No serious chance for infection: Maximilian 379225696.
No serious chance for infection: Angel 761901460.
No serious chance for infection: Brennan 736781089.
No serious chance for infection: Rodney 100107224.
No serious chance for infection: Kristian 741400353.
No serious chance for infection: Donald 897909845.
No serious chance for infection: Reuben 653493802.
No serious chance for infection: Phoenix 487677076.
No serious chance for infection: Koa 445596039.
No serious chance for infection: Conner 945170204.
No serious chance for infection: Forest 316186553.
No serious chance for infection: Kristopher 842665363.
No serious chance for infection: Darren 199329792.
No serious chance for infection: Jamari 827198185.
No serious chance for infection: Sincere 107952894.
No serious chance for infection: Jensen 357201606.
No serious chance for infection: Trenton 514726420.
No serious chance for infection: Santiago 539070552.
No serious chance for infection: Kason 953573850.
No serious chance for infection: Ridge 569453525.
No serious chance for infection: Alejandro 642702449.
No serious chance for infection: Hayes 475663589.
No serious chance for infection: Alonso 359353353.
No serious chance for infection: Kyle 447479208.
No serious chance for infection: Lawrence 404930762.
No serious chance for infection: Tyler 476280208.
No serious chance for infection: Izaiah 770829770.
No serious chance for infection: Maximiliano 609778395.
No serious chance for infection: Caiden 756877247.
No serious chance for infection: Ronan 535429481.
No serious chance for infection: Peyton 174083807.
No serious chance for infection: Apollo 377603818.
No serious chance for infection: Jeremiah 626139445.
No serious chance for infection: Wilder 592153224.
No serious chance for infection: Cyrus 334954048.
No serious chance for infection: Alex 969997707.
No serious chance for infection: Bodie 681619193.
No serious chance for infection: Krew 124345521.
No serious chance for infection: Troy 598417615.
No serious chance for infection: Talon 669950624.
No serious chance for infection: Nickolas 696812241.
No serious chance for infection: Branson 280576719.
No serious chance for infection: Ben 984031081.
No serious chance for infection: Preston 860248547.
No serious chance for infection: Keagan 711027096.
No serious chance for infection: Mordechai 945054653.
No serious chance for infection: Albert 689207736.
No serious chance for infection: Wesley 922037449.
No serious chance for infection: Arlo 116736852.
No serious chance for infection: Terry 207694227.
No serious chance for infection: Amir 140500453.
No serious chance for infection: Marlon 602368557.
No serious chance for infection: Mathias 651051269.
No serious chance for infection: John 822840906.
No serious chance for infection: Dean 764319703.
No serious chance for infection: Hector 849070289.
No serious chance for infection: Khalil 962224907.
No serious chance for infection: Josue 536348684.
No serious chance for infection: Jayden 782644079.
No serious chance for infection: Alessandro 114885954.
No serious chance for infection: Kayden 468757248.
No serious chance for infection: Anakin 384022971.
No serious chance for infection: Trevor 779285466.
No serious chance for infection: Damian 954421571.
No serious chance for infection: Bruno 777453306.
No serious chance for infection: Adonis 330275100.
No serious chance for infection: Reece 691364341.
No serious chance for infection: Finnegan 335622370.
No serious chance for infection: Felix 120522622.
No serious chance for infection: Dawson 599676531.
No serious chance for infection: Enoch 167591090.
No serious chance for infection: Boone 895718193.
No serious chance for infection: Ralph 961962922.
No serious chance for infection: Braden 936895642.
No serious chance for infection: Kamryn 793195308.
No serious chance for infection: Reid 630383255.
No serious chance for infection: Lorenzo 234643288.
No serious chance for infection: Bishop 832856367.
No serious chance for infection: Julio 340417216.
No serious chance for infection: Jonah 784644534.
No serious chance for infection: Walker 241511806.
No serious chance for infection: Archer 250762826.
No serious chance for infection: Graysen 687536237.
No serious chance for infection: Gary 535888909.
No serious chance for infection: Alvin 179966151.
No serious chance for infection: Caspian 715316016.
No serious chance for infection: Cohen 908013097.
No serious chance for infection: Hezekiah 751244049.
No serious chance for infection: Kellan 993738753.
No serious chance for infection: Emiliano 853012556.
No serious chance for infection: Jagger 493502859.
No serious chance for infection: Kamdyn 148884667.
No serious chance for infection: Wyatt 448903296.
No serious chance for infection: Zane 427486109.
No serious chance for infection: Shawn 632941339.
No serious chance for infection: Malik 956618775.
No serious chance for infection: Gunnar 439101240.
No serious chance for infection: Ephraim 698718659.
No serious chance for infection: Nehemiah 586586997.
No serious chance for infection: Emmanuel 638075551.
No serious chance for infection: Beckett 623233667.
No serious chance for infection: Brody 345772814.
No serious chance for infection: Orlando 786667197.
No serious chance for infection: Jamie 612055409.
No serious chance for infection: Davion 602959498.
No serious chance for infection: Marcelo 462528598.
No serious chance for infection: Gus 684731089.
No serious chance for infection: Zayn 269645525.
No serious chance for infection: Raymond 913474183.
No serious chance for infection: Gideon 465303210.
No serious chance for infection: Moises 289977643.
No serious chance for infection: Colt 217574011.
No serious chance for infection: Corbin 169692522.
No serious chance for infection: Langston 485832771.
No serious chance for infection: Khalid 931113928.
No serious chance for infection: Matias 334773608.
No serious chance for infection: Immanuel 511292855.
No serious chance for infection: Johan 486116964.
No serious chance for infection: Carlos 504907708.
No serious chance for infection: Tristen 913712225.
No serious chance for infection: Turner 922662396.
No serious chance for infection: Uriel 955956005.
No serious chance for infection: Greyson 637313886.
No serious chance for infection: Quentin 433089465.
No serious chance for infection: Trent 348993668.
No serious chance for infection: Cayson 507245100.
No serious chance for infection: Duke 582572207.
No serious chance for infection: Sutton 339434512.
No serious chance for infection: Case 873914795.
No serious chance for infection: Castiel 674074372.
No serious chance for infection: Rene 976612915.
No serious chance for infection: Kenzo 318952143.
No serious chance for infection: Desmond 705168001.
No serious chance for infection: Jaime 308214228.
No serious chance for infection: Brooks 904631582.
No serious chance for infection: Paul 555431949.
No serious chance for infection: Winston 846462237.
No serious chance for infection: Max 618305920.
No serious chance for infection: Baylor 346255838.
No serious chance for infection: Kevin 552096932.
No serious chance for infection: Dakari 765196572.
No serious chance for infection: Chandler 949984829.
No serious chance for infection: Braydon 313344970.
No serious chance for infection: Brodie 976762472.
No serious chance for infection: Mason 625887176.
No serious chance for infection: Augustine 556549983.
No serious chance for infection: Malakai 769399436.
No serious chance for infection: Genesis 599099123.
No serious chance for infection: Raiden 222191540.
No serious chance for infection: Ishaan 592984636.
No serious chance for infection: Micah 932782998.
No serious chance for infection: Mitchell 546604963.
No serious chance for infection: Jamir 254645409.
No serious chance for infection: Keenan 970710445.
No serious chance for infection: Stanley 375544373.
No serious chance for infection: Rudy 494905086.
No serious chance for infection: Flynn 499769679.
No serious chance for infection: Rowan 208674849.
No serious chance for infection: River 170292485.
No serious chance for infection: Jon 868104974.
No serious chance for infection: Kaiden 831637009.
No serious chance for infection: Anson 216789444.
No serious chance for infection: Kace 514195510.
No serious chance for infection: Darian 184035420.
No serious chance for infection: Mathew 407798023.
No serious chance for infection: Tadeo 170053749.
No serious chance for infection: Tommy 487005631.
No serious chance for infection: Deangelo 119413263.
No serious chance for infection: Cole 264449894.
No serious chance for infection: Quinton 161571681.
No serious chance for infection: Shepherd 556628405.
No serious chance for infection: Peter 711006623.
No serious chance for infection: Chaim 187109493.
No serious chance for infection: Braylon 541570340.
No serious chance for infection: Quincy 100075994.
No serious chance for infection: Amos 472214756.
No serious chance for infection: Josue 220495057.
No serious chance for infection: Tanner 305281731.
No serious chance for infection: Alonzo 187401667.
No serious chance for infection: Dash 406993330.
No serious chance for infection: Francisco 863512082.
No serious chance for infection: Jaxxon 862046007.
No serious chance for infection: Ian 750911276.
No serious chance for infection: Davis 661684043.
No serious chance for infection: Kaysen 875405160.
No serious chance for infection: Malcolm 746725762.
No serious chance for infection: Joaquin 532038250.
No serious chance for infection: Jose 489228860.
No serious chance for infection: Axton 592859022.
No serious chance for infection: Jack 769458773.
No serious chance for infection: Zahir 354946106.
No serious chance for infection: Jadiel 648301294.
No serious chance for infection: Julius 102024052.
No serious chance for infection: Lucas 492971602.
No serious chance for infection: Michael 960842806.
No serious chance for infection: Josue 585301362.
No serious chance for infection: Ayden 471308045.
No serious chance for infection: Emerson 762149565.
No serious chance for infection: Tobias 689233414.
No serious chance for infection: Maxim 455434530.
No serious chance for infection: Kohen 742396937.
No serious chance for infection: Niko 127692336.
No serious chance for infection: Fletcher 220535656.
No serious chance for infection: Leonardo 626682847.
No serious chance for infection: Adan 518645091.
No serious chance for infection: Davian 334476229.
No serious chance for infection: Nolan 475931473.
No serious chance for infection: Corey 914769881.
No serious chance for infection: Ashton 323808061.
No serious chance for infection: Trey 743268601.
No serious chance for infection: Conrad 611599798.
No serious chance for infection: Liam 153053178.
No serious chance for infection: Brock 221106471.
No serious chance for infection: Benton 137903158.
No serious chance for infection: Lian 905461953.
No serious chance for infection: Kyle 879490391.
No serious chance for infection: Jacoby 603658009.
No serious chance for infection: Romeo 811015493.
No serious chance for infection: Bo 255995239.
No serious chance for infection: Aydin 511500361.
No serious chance for infection: Wesson 160167025.
No serious chance for infection: Holden 218390849.
No serious chance for infection: Cayden 600242141.
No serious chance for infection: Brett 975762418.
No serious chance for infection: Ariel 574420830.
No serious chance for infection: Robert 381005112.
No serious chance for infection: Abel 385008104.
No serious chance for infection: Alfonso 719612223.
No serious chance for infection: Andre 993510427.
No serious chance for infection: Jaziel 496675480.
No serious chance for infection: Crew 774422955.
No serious chance for infection: Rylan 312143309.
No serious chance for infection: Bjorn 276427640.
No serious chance for infection: Randall 196348368.
No serious chance for infection: Skylar 279970163.
No serious chance for infection: Emmitt 882776481.
No serious chance for infection: Blaine 613146724.
No serious chance for infection: Kingston 995360978.
No serious chance for infection: Vihaan 823837143.
No serious chance for infection: Nelson 743565633.
No serious chance for infection: Andy 637975615.
No serious chance for infection: Dalton 408225180.
No serious chance for infection: Baker 727386064.
No serious chance for infection: Noel 832451418.
No serious chance for infection: Jaxon 442290517.
No serious chance for infection: Scott 355907643.
No serious chance for infection: Zaid 337820615.
No serious chance for infection: Warren 940684535.
No serious chance for infection: Landon 721577284.
No serious chance for infection: Elon 383843919.
No serious chance for infection: Jasper 917287019.
No serious chance for infection: Mason 647901550.
No serious chance for infection: Stefan 535268126.
No serious chance for infection: Chad 219237529.
No serious chance for infection: Timothy 810432533.
No serious chance for infection: Jalen 969148598.
No serious chance for infection: Clark 734605052.
No serious chance for infection: Henry 604809355.
No serious chance for infection: Ty 601405632.
No serious chance for infection: Gatlin 504760580.
No serious chance for infection: Kaden 565664979.
No serious chance for infection: Finnley 311668613.
No serious chance for infection: Davian 711815480.
No serious chance for infection: Lyle 388721351.
No serious chance for infection: Gus 620214767.
No serious chance for infection: Bryant 898003882.
No serious chance for infection: Salvatore 208250815.
No serious chance for infection: Atticus 619216795.
No serious chance for infection: Curtis 314410260.
No serious chance for infection: Dylan 994740542.
No serious chance for infection: Matteo 372366200.
No serious chance for infection: Westley 911517797.
No serious chance for infection: Alfred 122524465.
No serious chance for infection: Anthony 323261189.
No serious chance for infection: Ryker 310363199.
No serious chance for infection: Madden 411055659.
No serious chance for infection: Coen 310311843.
No serious chance for infection: Rhys 447149905.
No serious chance for infection: Eric 614896992.
No serious chance for infection: Bryce 918809655.
No serious chance for infection: Wilson 224086854.
No serious chance for infection: Aldo 612313924.
No serious chance for infection: Taylor 608471246.
No serious chance for infection: Markus 466879284.
No serious chance for infection: Shiloh 835493220.
No serious chance for infection: Kyson 402422299.
No serious chance for infection: Brantley 179436282.
No serious chance for infection: Kameron 852643348.
No serious chance for infection: Carl 483352762.
No serious chance for infection: Jedidiah 801229399.
No serious chance for infection: Casen 314666693.
No serious chance for infection: Ronnie 189359441.
No serious chance for infection: Israel 559009172.
No serious chance for infection: Zechariah 198930742.
No serious chance for infection: Juan 235555898.
No serious chance for infection: Ali 587396548.
No serious chance for infection: Ruben 735097792.
No serious chance for infection: Mustafa 208762293.
No serious chance for infection: Jaxton 737749913.
No serious chance for infection: Carter 408866436.
No serious chance for infection: Everett 571695492.
No serious chance for infection: Cain 372333929.
No serious chance for infection: Joziah 607502422.
No serious chance for infection: Zev 841589663.
No serious chance for infection: Kylo 823531436.
No serious chance for infection: Isaias 234027710.
No serious chance for infection: Phillip 346508107.
No serious chance for infection: Darwin 531584027.
No serious chance for infection: Junior 997330203.
No serious chance for infection: Kobe 564820728.
No serious chance for infection: Harlan 590778063.
No serious chance for infection: Dominic 136293425.
No serious chance for infection: Gannon 846528514.
No serious chance for infection: Knox 847995630.
No serious chance for infection: Alec 190163440.
No serious chance for infection: Harper 554850377.
No serious chance for infection: Marcus 509123758.
No serious chance for infection: Graham 799957297.
No serious chance for infection: Maxwell 395204352.
No serious chance for infection: Maddox 899256205.
No serious chance for infection: Marshall 514038319.
No serious chance for infection: Jaxx 561386122.
No serious chance for infection: Eduardo 287954980.
No serious chance for infection: Hugh 651260510.
No serious chance for infection: Howard 794084322.
No serious chance for infection: Layton 643024812.
No serious chance for infection: Beau 537922329.
No serious chance for infection: Korbyn 866935584.
No serious chance for infection: Maurice 602133985.
No serious chance for infection: Luca 302627181.
No serious chance for infection: Matthew 472308099.
No serious chance for infection: Ameer 258577960.
No serious chance for infection: Noe 237027178.
No serious chance for infection: Charlie 199890197.
No serious chance for infection: Aries 414245977.
No serious chance for infection: Lawson 256740595.
No serious chance for infection: Landyn 999006907.
No serious chance for infection: Joey 816941212.
No serious chance for infection: Karson 688689665.
No serious chance for infection: Philip 949508398.
