Hospitalization Required: Iris 400750716.
No serious chance for infection: Lenard 841460049.
No serious chance for infection: Christopher 605195464.
No serious chance for infection: Nicholas 183927886.
No serious chance for infection: Felicia 388660261.
No serious chance for infection: Billie 958008001.
No serious chance for infection: Teresa 773165314.
No serious chance for infection: Danielle 174261746.
No serious chance for infection: Richard 504927486.
No serious chance for infection: Loren 365872907.
No serious chance for infection: Beverly 912353880.
No serious chance for infection: Eric 585066605.
No serious chance for infection: David 963470896.
No serious chance for infection: Rebecca 519850295.
No serious chance for infection: Amanda 991756200.
No serious chance for infection: Loren 251742769.
No serious chance for infection: Howard 983760839.
No serious chance for infection: Rebecca 716273253.
No serious chance for infection: Stephanie 204288766.
No serious chance for infection: Harry 341650119.
