Hospitalization Required: Jackson 786046574.
14-days-Quarantine Required: Marlene 936651609.
14-days-Quarantine Required: Flora 560788861.
No serious chance for infection: David 859638257.
No serious chance for infection: Kenneth 441450695.
No serious chance for infection: Angela 635712575.
No serious chance for infection: Eric 729170387.
No serious chance for infection: Susan 574424529.
No serious chance for infection: Joshua 757418040.
No serious chance for infection: George 261303257.
No serious chance for infection: Jon 380060944.
No serious chance for infection: Luis 225693028.
No serious chance for infection: Melinda 655146598.
No serious chance for infection: David 734637378.
No serious chance for infection: Adele 213323393.
No serious chance for infection: Marie 460430119.
No serious chance for infection: Jose 467099235.
No serious chance for infection: Ronald 124736920.
No serious chance for infection: Stephanie 685408281.
No serious chance for infection: Michael 296375794.
