Hospitalization Required: Henry 447826279.
Hospitalization Required: Frederick 640706585.
14-days-Quarantine Required: Jack 271322375.
14-days-Quarantine Required: Barbara 345655624.
14-days-Quarantine Required: John 147914120.
No serious chance for infection: Greg 457165691.
No serious chance for infection: Crystal 888086905.
No serious chance for infection: Robert 759963983.
No serious chance for infection: Theresa 997234246.
No serious chance for infection: Ryan 855804276.
No serious chance for infection: Lydia 400363273.
No serious chance for infection: Samuel 302148553.
No serious chance for infection: Belen 314286886.
No serious chance for infection: Donald 494291695.
No serious chance for infection: Stella 343101020.
No serious chance for infection: Lee 630112461.
No serious chance for infection: Michael 706548323.
No serious chance for infection: Bruce 476247543.
No serious chance for infection: Melanie 281475567.
No serious chance for infection: Rocky 347325729.
No serious chance for infection: Richard 212934752.
No serious chance for infection: Christina 245417813.
No serious chance for infection: Ray 238076491.
No serious chance for infection: Maria 631045429.
No serious chance for infection: Rhonda 232670608.
No serious chance for infection: William 473610418.
No serious chance for infection: Roselle 204839832.
No serious chance for infection: Matthew 871676984.
No serious chance for infection: Brian 913068384.
No serious chance for infection: Deanna 333194036.
No serious chance for infection: Agnes 540128241.
No serious chance for infection: John 619379661.
No serious chance for infection: Raymond 893443991.
No serious chance for infection: Sergio 262358864.
No serious chance for infection: Nelson 154892356.
No serious chance for infection: Mark 844409054.
No serious chance for infection: Jefferey 750820015.
No serious chance for infection: James 815703466.
No serious chance for infection: Gidget 360708346.
No serious chance for infection: Kate 376778278.
No serious chance for infection: David 593226141.
No serious chance for infection: Jessie 112566743.
No serious chance for infection: Donald 521472980.
No serious chance for infection: Leslie 388849569.
No serious chance for infection: James 592492137.
No serious chance for infection: Timothy 779662339.
No serious chance for infection: Steve 952186010.
No serious chance for infection: Paulette 484534802.
No serious chance for infection: Arthur 153173024.
No serious chance for infection: John 884379366.
No serious chance for infection: Darryl 150657695.
No serious chance for infection: Robert 144000724.
No serious chance for infection: George 585342183.
No serious chance for infection: Danielle 193553679.
No serious chance for infection: Emilio 592097168.
No serious chance for infection: Fern 926126230.
No serious chance for infection: Dorothy 722308939.
No serious chance for infection: Andrea 677057845.
No serious chance for infection: Anna 194370971.
No serious chance for infection: Patricia 243549336.
